I: [pulseaudio] main.c: setrlimit(RLIMIT_NICE, (31, 31)) failed: Operation not permitted
I: [pulseaudio] main.c: setrlimit(RLIMIT_RTPRIO, (9, 9)) failed: Operation not permitted
I: [pulseaudio] main.c: This is PulseAudio 16.1
I: [pulseaudio] main.c: Page size is 4096 bytes
I: [pulseaudio] main.c: Machine ID is e3a978545a8d467bb3518a740590c548.
I: [pulseaudio] core-util.c: Hmm, runtime path exists, but points to an invalid directory. Changing runtime directory.
I: [pulseaudio] main.c: Using runtime directory /home/jibri/.config/pulse/e3a978545a8d467bb3518a740590c548-runtime.
I: [pulseaudio] main.c: Using state directory /home/jibri/.config/pulse.
I: [pulseaudio] main.c: Using modules directory /usr/lib/pulse-16.1+dfsg1/modules.
I: [pulseaudio] main.c: Running in system mode: no
I: [pulseaudio] main.c: System supports high resolution timers
I: [pulseaudio] cpu-x86.c: CPU flags: CMOV MMX SSE SSE2 SSE3 SSSE3 SSE4_1 SSE4_2 
I: [pulseaudio] svolume_mmx.c: Initialising MMX optimized volume functions.
I: [pulseaudio] remap_mmx.c: Initialising MMX optimized remappers.
I: [pulseaudio] svolume_sse.c: Initialising SSE2 optimized volume functions.
I: [pulseaudio] remap_sse.c: Initialising SSE2 optimized remappers.
I: [pulseaudio] sconv_sse.c: Initialising SSE2 optimized conversions.
I: [pulseaudio] svolume_orc.c: Initialising ORC optimized volume functions.
I: [pulseaudio] database.c: Successfully opened 'device-volumes' database file '/home/jibri/.config/pulse/e3a978545a8d467bb3518a740590c548-device-volumes.tdb'.
I: [pulseaudio] module.c: Loaded "module-device-restore" (index: #0; argument: "").
I: [pulseaudio] database.c: Successfully opened 'stream-volumes' database file '/home/jibri/.config/pulse/e3a978545a8d467bb3518a740590c548-stream-volumes.tdb'.
I: [pulseaudio] module.c: Loaded "module-stream-restore" (index: #1; argument: "").
I: [pulseaudio] database.c: Successfully opened 'card-database' database file '/home/jibri/.config/pulse/e3a978545a8d467bb3518a740590c548-card-database.tdb'.
I: [pulseaudio] module.c: Loaded "module-card-restore" (index: #2; argument: "").
I: [pulseaudio] module.c: Loaded "module-augment-properties" (index: #3; argument: "").
I: [pulseaudio] module.c: Loaded "module-switch-on-port-available" (index: #4; argument: "").
I: [pulseaudio] module.c: Loaded "module-native-protocol-unix" (index: #5; argument: "").
I: [pulseaudio] module-default-device-restore.c: Restoring default sink 'jibri-loop'.
I: [pulseaudio] core.c: configured_default_sink: (unset) -> jibri-loop
I: [pulseaudio] module-default-device-restore.c: Restoring default source 'jibri-loop.monitor'.
I: [pulseaudio] core.c: configured_default_source: (unset) -> jibri-loop.monitor
I: [pulseaudio] module.c: Loaded "module-default-device-restore" (index: #6; argument: "").
I: [pulseaudio] sink.c: Created sink 0 "auto_null" with sample spec s16le 2ch 44100Hz and channel map front-left,front-right
I: [pulseaudio] sink.c:     device.description = "Dummy Output"
I: [pulseaudio] sink.c:     device.class = "abstract"
I: [pulseaudio] sink.c:     device.icon_name = "audio-card"
I: [pulseaudio] source.c: Created source 0 "auto_null.monitor" with sample spec s16le 2ch 44100Hz and channel map front-left,front-right
I: [pulseaudio] source.c:     device.description = "Monitor of Dummy Output"
I: [pulseaudio] source.c:     device.class = "monitor"
I: [pulseaudio] source.c:     device.icon_name = "audio-input-microphone"
E: [null-sink] util.c: Failed to connect to system bus: Failed to connect to socket /run/dbus/system_bus_socket: No such file or directory
E: [null-sink] util.c: Failed to connect to system bus: Failed to connect to socket /run/dbus/system_bus_socket: No such file or directory
E: [null-sink] util.c: Failed to connect to system bus: Failed to connect to socket /run/dbus/system_bus_socket: No such file or directory
E: [null-sink] util.c: Failed to connect to system bus: Failed to connect to socket /run/dbus/system_bus_socket: No such file or directory
E: [null-sink] util.c: Failed to connect to system bus: Failed to connect to socket /run/dbus/system_bus_socket: No such file or directory
I: [null-sink] util.c: Failed to acquire real-time scheduling: Input/output error
I: [pulseaudio] core.c: default_source: (unset) -> auto_null.monitor
I: [pulseaudio] core.c: default_sink: (unset) -> auto_null
I: [pulseaudio] module.c: Loaded "module-null-sink" (index: #8; argument: "sink_name=auto_null sink_properties='device.description="Dummy Output"'").
I: [pulseaudio] module.c: Loaded "module-always-sink" (index: #7; argument: "").
I: [pulseaudio] module.c: Loaded "module-intended-roles" (index: #9; argument: "").
I: [pulseaudio] module.c: Loaded "module-suspend-on-idle" (index: #10; argument: "").
I: [pulseaudio] module.c: Loaded "module-position-event-sounds" (index: #11; argument: "").
I: [pulseaudio] sink.c: Created sink 1 "jibri-loop" with sample spec float32le 2ch 44100Hz and channel map front-left,front-right
I: [pulseaudio] sink.c:     device.master_device = "auto_null"
I: [pulseaudio] sink.c:     device.class = "filter"
I: [pulseaudio] sink.c:     device.vsink.name = "jibri-loop"
I: [pulseaudio] sink.c:     device.description = "Virtual Sink jibri-loop on Dummy Output"
I: [pulseaudio] sink.c:     device.icon_name = "audio-card"
I: [pulseaudio] source.c: Created source 1 "jibri-loop.monitor" with sample spec float32le 2ch 44100Hz and channel map front-left,front-right
I: [pulseaudio] source.c:     device.description = "Monitor of Virtual Sink jibri-loop on Dummy Output"
I: [pulseaudio] source.c:     device.class = "monitor"
I: [pulseaudio] source.c:     device.icon_name = "audio-input-microphone"
I: [pulseaudio] sink-input.c: Trying to change sample spec
I: [pulseaudio] resampler.c: Forcing resampler 'copy', because of fixed, identical sample rates.
I: [pulseaudio] sink-input.c: Created input 0 "Virtual Sink Stream from Virtual Sink jibri-loop on Dummy Output" on auto_null with sample spec float32le 2ch 44100Hz and channel map front-left,front-right
I: [pulseaudio] sink-input.c:     media.name = "Virtual Sink Stream from Virtual Sink jibri-loop on Dummy Output"
I: [pulseaudio] sink-input.c:     media.role = "filter"
I: [pulseaudio] sink-input.c:     module-stream-restore.id = "sink-input-by-media-role:filter"
I: [pulseaudio] core.c: default_source: auto_null.monitor -> jibri-loop.monitor
I: [pulseaudio] core.c: default_sink: auto_null -> jibri-loop
I: [pulseaudio] module.c: Loaded "module-virtual-sink" (index: #12; argument: "sink_name=jibri-loop").
I: [pulseaudio] main.c: Daemon startup complete.
I: [pulseaudio] module-suspend-on-idle.c: Sink jibri-loop idle for too long, suspending ...
I: [pulseaudio] module-suspend-on-idle.c: Sink auto_null idle for too long, suspending ...
I: [pulseaudio] core.c: All sinks and sources are suspended, vacuuming memory
